<?xml version="1.0" encoding="UTF-8"?>
<!-- Generated by org.testng.reporters.JUnitXMLReporter -->
<testsuite hostname="DESKTOP-T3BAF5G" ignored="1" name="Basic Test" tests="5" failures="0" timestamp="14 ene 2020 01:00:02 GMT" time="38.83" errors="0">
  <testcase name="additionTest" time="0.013" classname="com.alex.training.app.AppTest"/>
  <testcase name="fibonacciTest" time="0.009" classname="com.alex.training.app.AppTest"/>
  <testcase name="messageTest" time="0.003" classname="com.alex.training.app.AppTest"/>
  <testcase name="powTest" time="0.003" classname="com.alex.training.app.AppTest"/>
  <testcase name="doGooglesearch" time="10.894" classname="com.alex.training.app.SeleniumBasicTest"/>
  <testcase name="substractionTest" time="0.0" classname="com.alex.training.app.AppTest">
    <ignored/>
  </testcase> <!-- substractionTest -->
</testsuite> <!-- Basic Test -->
